<?xml version="1.0" encoding="UTF-8" standalone="no"?>
<testsuite failures="1" name="cucumber.runtime.formatter.JUnitFormatter" skipped="0" tests="1" time="11.899886">
<testcase classname="Googlesearch" name="search the google" time="11.899886">
<failure message="java.lang.AssertionError: expected [true] but found [false]&#13;&#10;&#9;at org.testng.Assert.fail(Assert.java:93)&#13;&#10;&#9;at org.testng.Assert.failNotEquals(Assert.java:512)&#13;&#10;&#9;at org.testng.Assert.assertTrue(Assert.java:41)&#13;&#10;&#9;at org.testng.Assert.assertTrue(Assert.java:51)&#13;&#10;&#9;at com.cucumbercraft.stepdefinitions.GoogleStepDefs.iShouldGetTheResults(GoogleStepDefs.java:62)&#13;&#10;&#9;at ✽.And I should get the results(Google.feature:10)&#13;&#10;"><![CDATA[Given I am on Googlesearch page.............................................passed
When I enter cognizant and click on search..................................passed
And I should get the results................................................failed
Then I should click on the first link.......................................skipped

StackTrace:
java.lang.AssertionError: expected [true] but found [false]
	at org.testng.Assert.fail(Assert.java:93)
	at org.testng.Assert.failNotEquals(Assert.java:512)
	at org.testng.Assert.assertTrue(Assert.java:41)
	at org.testng.Assert.assertTrue(Assert.java:51)
	at com.cucumbercraft.stepdefinitions.GoogleStepDefs.iShouldGetTheResults(GoogleStepDefs.java:62)
	at ✽.And I should get the results(Google.feature:10)
]]></failure>
</testcase>
</testsuite>
