<?xml version="1.0" encoding="UTF-8" standalone="no"?>
<testsuite failures="1" name="cucumber.runtime.formatter.JUnitFormatter" skipped="0" tests="2" time="12.785307">
<testcase classname="Googlesearch" name="search the google" time="5.905194">
<system-out><![CDATA[Given I am on Googlesearch page.............................................passed
When I enter cognizant and click on search..................................passed
And I should get the results................................................passed
Then I should click on the first link.......................................passed
]]></system-out>
</testcase>
<testcase classname="OrangeHRM" name="Login in Digital Shopify Application" time="6.880113">
<failure message="java.lang.AssertionError: expected [true] but found [false]&#13;&#10;&#9;at org.testng.Assert.fail(Assert.java:93)&#13;&#10;&#9;at org.testng.Assert.failNotEquals(Assert.java:512)&#13;&#10;&#9;at org.testng.Assert.assertTrue(Assert.java:41)&#13;&#10;&#9;at org.testng.Assert.assertTrue(Assert.java:51)&#13;&#10;&#9;at com.cucumbercraft.stepdefinitions.OrangeHRMStepDefs.i_am_on_loginpage(OrangeHRMStepDefs.java:28)&#13;&#10;&#9;at ✽.Given I am on loginpage(OrangeHRM.feature:5)&#13;&#10;"><![CDATA[Given I am on loginpage.....................................................failed
When I enter valid Username and Password and click on login.................skipped
Then I should be logged into OrangeHRM......................................skipped

StackTrace:
java.lang.AssertionError: expected [true] but found [false]
	at org.testng.Assert.fail(Assert.java:93)
	at org.testng.Assert.failNotEquals(Assert.java:512)
	at org.testng.Assert.assertTrue(Assert.java:41)
	at org.testng.Assert.assertTrue(Assert.java:51)
	at com.cucumbercraft.stepdefinitions.OrangeHRMStepDefs.i_am_on_loginpage(OrangeHRMStepDefs.java:28)
	at ✽.Given I am on loginpage(OrangeHRM.feature:5)
]]></failure>
</testcase>
</testsuite>
